\BOOKMARK [1][-]{section.1}{Gii thiu \040t\340i}{}% 1
\BOOKMARK [1][-]{section.2}{M\364 h\354nh h\363a chu \040v\340 vn \040vi short-text}{}% 2
\BOOKMARK [1][-]{section.3}{C s l\375 thuyt}{}% 3
\BOOKMARK [2][-]{subsection.3.1}{Mt s l\375 thuyt v x\341c sut thng k\352}{section.3}% 4
\BOOKMARK [3][-]{subsubsection.3.1.1}{Ph\342n phi Multinomial}{subsection.3.1}% 5
\BOOKMARK [3][-]{subsubsection.3.1.2}{Ph\342n phi Dirichlet}{subsection.3.1}% 6
\BOOKMARK [3][-]{subsubsection.3.1.3}{Maximum A Posteriori}{subsection.3.1}% 7
\BOOKMARK [2][-]{subsection.3.2}{C ban v m\364 h\354nh \040thi x\341c sut}{section.3}% 8
\BOOKMARK [3][-]{subsubsection.3.2.1}{M\364 h\354nh v\340 c\341ch biu din}{subsection.3.2}% 9
\BOOKMARK [3][-]{subsubsection.3.2.2}{\320c lp c\363 iu kin}{subsection.3.2}% 10
\BOOKMARK [2][-]{subsection.3.3}{Thut to\341n Expectation-Maximization tng qu\341t}{section.3}% 11
\BOOKMARK [3][-]{subsubsection.3.3.1}{Thut to\341n EM dang batch}{subsection.3.3}% 12
\BOOKMARK [3][-]{subsubsection.3.3.2}{Thut to\341n EM dang online}{subsection.3.3}% 13
\BOOKMARK [1][-]{section.4}{M\364 h\354nh Biterm}{}% 14
\BOOKMARK [2][-]{subsection.4.1}{Gii thiu m\364 h\354nh Biterm}{section.4}% 15
\BOOKMARK [2][-]{subsection.4.2}{X\341c inh chu \040cho van ban vi m\364 h\354nh Biterm}{section.4}% 16
\BOOKMARK [1][-]{section.5}{Thut to\341n EM cho m\364 h\354nh Biterm}{}% 17
\BOOKMARK [2][-]{subsection.5.1}{Thut to\341n EM dang batch cho m\364 h\354nh Biterm}{section.5}% 18
\BOOKMARK [2][-]{subsection.5.2}{Thut to\341n EM dang online cho m\364 h\354nh Biterm}{section.5}% 19
\BOOKMARK [1][-]{section.6}{Th nghim, \341nh gi\341}{}% 20
\BOOKMARK [2][-]{subsection.6.1}{C\341c tp d liu d\371ng trong th nghim}{section.6}% 21
\BOOKMARK [2][-]{subsection.6.2}{C\341c \040o c s dung}{section.6}% 22
\BOOKMARK [3][-]{subsubsection.6.2.1}{Trung b\354nh cua log x\341c sut sinh mt biterm}{subsection.6.2}% 23
\BOOKMARK [3][-]{subsubsection.6.2.2}{Normalized Pointwise Mutual Information}{subsection.6.2}% 24
\BOOKMARK [2][-]{subsection.6.3}{Tin h\340nh th nghim v\340 kt qua}{section.6}% 25
\BOOKMARK [3][-]{subsubsection.6.3.1}{Th nghim tr\352n tp NewYork Times Titles}{subsection.6.3}% 26
\BOOKMARK [3][-]{subsubsection.6.3.2}{Th nghim tr\352n tp Tweeter}{subsection.6.3}% 27
\BOOKMARK [1][-]{section.7}{Kt lun}{}% 28
